生成启动时间为 2020/12/12 22:36:39。
     1>项目“D:\刘佳瑶存放代码\test_12_12.1\test_12_12.1\test_12_12.1.vcxproj”在节点 2 上(Build 个目标)。
     1>ClCompile:
         D:\Program Files (x86)\Microsoft Visual Studio 12.0\VC\bin\CL.exe /c /ZI /nologo /W3 /WX- /Od /Oy- /D WIN32 /D _DEBUG /D _CONSOLE /D _LIB /D _UNICODE /D UNICODE /Gm /EHsc /RTC1 /MDd /GS /fp:precise /Zc:wchar_t /Zc:forScope /Fo"Debug\\" /Fd"Debug\vc120.pdb" /Gd /TP /analyze- /errorReport:prompt 12_12.cpp
         12_12.cpp
     1>d:\刘佳瑶存放代码\test_12_12.1\test_12_12.1\12_12.cpp(193): error C3861: “printf”:  找不到标识符
     1>d:\刘佳瑶存放代码\test_12_12.1\test_12_12.1\12_12.cpp(194): error C3861: “scanf”:  找不到标识符
     1>d:\刘佳瑶存放代码\test_12_12.1\test_12_12.1\12_12.cpp(198): error C3861: “printf”:  找不到标识符
     1>d:\刘佳瑶存放代码\test_12_12.1\test_12_12.1\12_12.cpp(199): error C3861: “printf”:  找不到标识符
     1>已完成生成项目“D:\刘佳瑶存放代码\test_12_12.1\test_12_12.1\test_12_12.1.vcxproj”(Build 个目标)的操作 - 失败。

生成失败。

已用时间 00:00:00.25
